{"/Volumes/wupm/EXPERIMENTOS WEB/APP_INMOBILIARIA_V9/project/scripts/reconcileBatches.ts": {"path":"/Volumes/wupm/EXPERIMENTOS WEB/APP_INMOBILIARIA_V9/project/scripts/reconcileBatches.ts","statementMap":{"0":{"start":{"line":5,"column":23},"end":{"line":12,"column":null}},"1":{"start":{"line":14,"column":6},"end":{"line":14,"column":null}},"2":{"start":{"line":15,"column":6},"end":{"line":15,"column":null}},"3":{"start":{"line":62,"column":22},"end":{"line":62,"column":null}},"4":{"start":{"line":63,"column":26},"end":{"line":63,"column":null}},"5":{"start":{"line":65,"column":2},"end":{"line":120,"column":null}},"6":{"start":{"line":66,"column":18},"end":{"line":66,"column":null}},"7":{"start":{"line":67,"column":20},"end":{"line":67,"column":null}},"8":{"start":{"line":68,"column":19},"end":{"line":68,"column":null}},"9":{"start":{"line":69,"column":16},"end":{"line":69,"column":null}},"10":{"start":{"line":71,"column":4},"end":{"line":71,"column":null}},"11":{"start":{"line":71,"column":37},"end":{"line":71,"column":null}},"12":{"start":{"line":73,"column":27},"end":{"line":73,"column":null}},"13":{"start":{"line":73,"column":80},"end":{"line":73,"column":91}},"14":{"start":{"line":74,"column":10},"end":{"line":74,"column":null}},"15":{"start":{"line":76,"column":4},"end":{"line":115,"column":null}},"16":{"start":{"line":77,"column":12},"end":{"line":77,"column":null}},"17":{"start":{"line":78,"column":22},"end":{"line":78,"column":null}},"18":{"start":{"line":79,"column":6},"end":{"line":82,"column":null}},"19":{"start":{"line":80,"column":8},"end":{"line":80,"column":null}},"20":{"start":{"line":81,"column":8},"end":{"line":81,"column":null}},"21":{"start":{"line":84,"column":18},"end":{"line":84,"column":null}},"22":{"start":{"line":85,"column":19},"end":{"line":85,"column":null}},"23":{"start":{"line":86,"column":20},"end":{"line":86,"column":null}},"24":{"start":{"line":88,"column":22},"end":{"line":109,"column":null}},"25":{"start":{"line":90,"column":21},"end":{"line":94,"column":null}},"26":{"start":{"line":91,"column":10},"end":{"line":93,"column":null}},"27":{"start":{"line":95,"column":8},"end":{"line":95,"column":null}},"28":{"start":{"line":95,"column":19},"end":{"line":95,"column":null}},"29":{"start":{"line":98,"column":8},"end":{"line":98,"column":null}},"30":{"start":{"line":98,"column":69},"end":{"line":98,"column":null}},"31":{"start":{"line":100,"column":8},"end":{"line":100,"column":null}},"32":{"start":{"line":101,"column":8},"end":{"line":108,"column":null}},"33":{"start":{"line":111,"column":6},"end":{"line":114,"column":null}},"34":{"start":{"line":112,"column":8},"end":{"line":112,"column":null}},"35":{"start":{"line":113,"column":8},"end":{"line":113,"column":null}},"36":{"start":{"line":113,"column":17},"end":{"line":113,"column":null}},"37":{"start":{"line":117,"column":4},"end":{"line":119,"column":null}},"38":{"start":{"line":118,"column":6},"end":{"line":118,"column":null}},"39":{"start":{"line":123,"column":23},"end":{"line":123,"column":null}},"40":{"start":{"line":124,"column":2},"end":{"line":136,"column":null}},"41":{"start":{"line":125,"column":16},"end":{"line":125,"column":null}},"42":{"start":{"line":126,"column":17},"end":{"line":126,"column":null}},"43":{"start":{"line":127,"column":4},"end":{"line":135,"column":null}},"44":{"start":{"line":128,"column":6},"end":{"line":134,"column":null}},"45":{"start":{"line":129,"column":14},"end":{"line":129,"column":null}},"46":{"start":{"line":130,"column":26},"end":{"line":130,"column":null}},"47":{"start":{"line":131,"column":8},"end":{"line":133,"column":null}},"48":{"start":{"line":132,"column":10},"end":{"line":132,"column":null}},"49":{"start":{"line":138,"column":2},"end":{"line":138,"column":null}},"50":{"start":{"line":145,"column":2},"end":{"line":145,"column":null}},"51":{"start":{"line":146,"column":2},"end":{"line":146,"column":null}},"52":{"start":{"line":147,"column":17},"end":{"line":150,"column":null}},"53":{"start":{"line":148,"column":4},"end":{"line":148,"column":null}},"54":{"start":{"line":149,"column":4},"end":{"line":149,"column":null}},"55":{"start":{"line":151,"column":2},"end":{"line":151,"column":null}},"56":{"start":{"line":152,"column":2},"end":{"line":152,"column":null}},"57":{"start":{"line":153,"column":2},"end":{"line":156,"column":null}},"58":{"start":{"line":154,"column":4},"end":{"line":154,"column":null}},"59":{"start":{"line":155,"column":4},"end":{"line":155,"column":null}},"60":{"start":{"line":155,"column":19},"end":{"line":155,"column":null}},"61":{"start":{"line":159,"column":30},"end":{"line":159,"column":null}},"62":{"start":{"line":167,"column":15},"end":{"line":167,"column":null}},"63":{"start":{"line":168,"column":14},"end":{"line":168,"column":null}},"64":{"start":{"line":169,"column":2},"end":{"line":169,"column":null}},"65":{"start":{"line":170,"column":2},"end":{"line":170,"column":null}},"66":{"start":{"line":171,"column":17},"end":{"line":171,"column":null}},"67":{"start":{"line":172,"column":2},"end":{"line":172,"column":null}},"68":{"start":{"line":173,"column":2},"end":{"line":177,"column":null}},"69":{"start":{"line":174,"column":4},"end":{"line":174,"column":null}},"70":{"start":{"line":176,"column":4},"end":{"line":176,"column":null}},"71":{"start":{"line":180,"column":15},"end":{"line":180,"column":null}},"72":{"start":{"line":182,"column":0},"end":{"line":187,"column":null}},"73":{"start":{"line":183,"column":2},"end":{"line":186,"column":null}},"74":{"start":{"line":184,"column":4},"end":{"line":184,"column":null}},"75":{"start":{"line":185,"column":4},"end":{"line":185,"column":null}}},"fnMap":{"0":{"name":"reconcile","decl":{"start":{"line":61,"column":15},"end":{"line":61,"column":25}},"loc":{"start":{"line":61,"column":84},"end":{"line":139,"column":null}},"line":61},"1":{"name":"(anonymous_1)","decl":{"start":{"line":73,"column":62},"end":{"line":73,"column":63}},"loc":{"start":{"line":73,"column":80},"end":{"line":73,"column":91}},"line":73},"2":{"name":"(anonymous_2)","decl":{"start":{"line":88,"column":31},"end":{"line":88,"column":32}},"loc":{"start":{"line":88,"column":59},"end":{"line":109,"column":7}},"line":88},"3":{"name":"(anonymous_3)","decl":{"start":{"line":90,"column":39},"end":{"line":90,"column":40}},"loc":{"start":{"line":91,"column":10},"end":{"line":93,"column":null}},"line":91},"4":{"name":"report","decl":{"start":{"line":144,"column":9},"end":{"line":144,"column":16}},"loc":{"start":{"line":144,"column":33},"end":{"line":157,"column":null}},"line":144},"5":{"name":"(anonymous_5)","decl":{"start":{"line":147,"column":31},"end":{"line":147,"column":32}},"loc":{"start":{"line":147,"column":41},"end":{"line":150,"column":5}},"line":147},"6":{"name":"(anonymous_6)","decl":{"start":{"line":153,"column":30},"end":{"line":153,"column":31}},"loc":{"start":{"line":153,"column":42},"end":{"line":156,"column":3}},"line":153},"7":{"name":"main","decl":{"start":{"line":166,"column":15},"end":{"line":166,"column":22}},"loc":{"start":{"line":166,"column":22},"end":{"line":178,"column":null}},"line":166},"8":{"name":"(anonymous_8)","decl":{"start":{"line":183,"column":15},"end":{"line":183,"column":16}},"loc":{"start":{"line":183,"column":22},"end":{"line":186,"column":3}},"line":183}},"branchMap":{"0":{"loc":{"start":{"line":6,"column":10},"end":{"line":6,"column":null}},"type":"binary-expr","locations":[{"start":{"line":6,"column":10},"end":{"line":6,"column":42}},{"start":{"line":6,"column":42},"end":{"line":6,"column":null}}],"line":6},"1":{"loc":{"start":{"line":7,"column":14},"end":{"line":7,"column":null}},"type":"binary-expr","locations":[{"start":{"line":7,"column":14},"end":{"line":7,"column":50}},{"start":{"line":7,"column":50},"end":{"line":7,"column":null}}],"line":7},"2":{"loc":{"start":{"line":8,"column":13},"end":{"line":8,"column":null}},"type":"binary-expr","locations":[{"start":{"line":8,"column":13},"end":{"line":8,"column":48}},{"start":{"line":8,"column":48},"end":{"line":8,"column":null}}],"line":8},"3":{"loc":{"start":{"line":9,"column":17},"end":{"line":9,"column":null}},"type":"binary-expr","locations":[{"start":{"line":9,"column":17},"end":{"line":9,"column":56}},{"start":{"line":9,"column":56},"end":{"line":9,"column":null}}],"line":9},"4":{"loc":{"start":{"line":10,"column":21},"end":{"line":10,"column":null}},"type":"binary-expr","locations":[{"start":{"line":10,"column":21},"end":{"line":10,"column":65}},{"start":{"line":10,"column":65},"end":{"line":10,"column":null}}],"line":10},"5":{"loc":{"start":{"line":11,"column":9},"end":{"line":11,"column":null}},"type":"binary-expr","locations":[{"start":{"line":11,"column":9},"end":{"line":11,"column":40}},{"start":{"line":11,"column":40},"end":{"line":11,"column":null}}],"line":11},"6":{"loc":{"start":{"line":61,"column":25},"end":{"line":61,"column":84}},"type":"default-arg","locations":[{"start":{"line":61,"column":62},"end":{"line":61,"column":84}}],"line":61},"7":{"loc":{"start":{"line":61,"column":27},"end":{"line":61,"column":39}},"type":"default-arg","locations":[{"start":{"line":61,"column":33},"end":{"line":61,"column":39}}],"line":61},"8":{"loc":{"start":{"line":69,"column":16},"end":{"line":69,"column":null}},"type":"binary-expr","locations":[{"start":{"line":69,"column":16},"end":{"line":69,"column":36}},{"start":{"line":69,"column":36},"end":{"line":69,"column":null}}],"line":69},"9":{"loc":{"start":{"line":71,"column":4},"end":{"line":71,"column":null}},"type":"if","locations":[{"start":{"line":71,"column":4},"end":{"line":71,"column":null}},{"start":{},"end":{}}],"line":71},"10":{"loc":{"start":{"line":79,"column":6},"end":{"line":82,"column":null}},"type":"if","locations":[{"start":{"line":79,"column":6},"end":{"line":82,"column":null}},{"start":{},"end":{}}],"line":79},"11":{"loc":{"start":{"line":85,"column":19},"end":{"line":85,"column":null}},"type":"cond-expr","locations":[{"start":{"line":85,"column":53},"end":{"line":85,"column":72}},{"start":{"line":85,"column":72},"end":{"line":85,"column":null}}],"line":85},"12":{"loc":{"start":{"line":91,"column":10},"end":{"line":93,"column":null}},"type":"binary-expr","locations":[{"start":{"line":91,"column":10},"end":{"line":91,"column":null}},{"start":{"line":92,"column":11},"end":{"line":92,"column":32}},{"start":{"line":92,"column":32},"end":{"line":92,"column":null}},{"start":{"line":93,"column":12},"end":{"line":93,"column":31}},{"start":{"line":93,"column":31},"end":{"line":93,"column":null}}],"line":91},"13":{"loc":{"start":{"line":95,"column":8},"end":{"line":95,"column":null}},"type":"if","locations":[{"start":{"line":95,"column":8},"end":{"line":95,"column":null}},{"start":{},"end":{}}],"line":95},"14":{"loc":{"start":{"line":98,"column":8},"end":{"line":98,"column":null}},"type":"if","locations":[{"start":{"line":98,"column":8},"end":{"line":98,"column":null}},{"start":{},"end":{}}],"line":98},"15":{"loc":{"start":{"line":98,"column":12},"end":{"line":98,"column":69}},"type":"binary-expr","locations":[{"start":{"line":98,"column":12},"end":{"line":98,"column":37}},{"start":{"line":98,"column":37},"end":{"line":98,"column":69}}],"line":98},"16":{"loc":{"start":{"line":104,"column":23},"end":{"line":104,"column":null}},"type":"cond-expr","locations":[{"start":{"line":104,"column":32},"end":{"line":104,"column":43}},{"start":{"line":104,"column":43},"end":{"line":104,"column":null}}],"line":104},"17":{"loc":{"start":{"line":105,"column":20},"end":{"line":105,"column":null}},"type":"binary-expr","locations":[{"start":{"line":105,"column":20},"end":{"line":105,"column":27}},{"start":{"line":105,"column":27},"end":{"line":105,"column":41}},{"start":{"line":105,"column":41},"end":{"line":105,"column":null}}],"line":105},"18":{"loc":{"start":{"line":106,"column":18},"end":{"line":106,"column":null}},"type":"cond-expr","locations":[{"start":{"line":106,"column":28},"end":{"line":106,"column":61}},{"start":{"line":106,"column":61},"end":{"line":106,"column":null}}],"line":106},"19":{"loc":{"start":{"line":106,"column":28},"end":{"line":106,"column":61}},"type":"binary-expr","locations":[{"start":{"line":106,"column":28},"end":{"line":106,"column":47}},{"start":{"line":106,"column":47},"end":{"line":106,"column":61}}],"line":106},"20":{"loc":{"start":{"line":107,"column":18},"end":{"line":107,"column":null}},"type":"cond-expr","locations":[{"start":{"line":107,"column":28},"end":{"line":107,"column":71}},{"start":{"line":107,"column":71},"end":{"line":107,"column":null}}],"line":107},"21":{"loc":{"start":{"line":107,"column":28},"end":{"line":107,"column":71}},"type":"binary-expr","locations":[{"start":{"line":107,"column":28},"end":{"line":107,"column":44}},{"start":{"line":107,"column":44},"end":{"line":107,"column":63}},{"start":{"line":107,"column":63},"end":{"line":107,"column":71}}],"line":107},"22":{"loc":{"start":{"line":111,"column":6},"end":{"line":114,"column":null}},"type":"if","locations":[{"start":{"line":111,"column":6},"end":{"line":114,"column":null}},{"start":{},"end":{}}],"line":111},"23":{"loc":{"start":{"line":113,"column":8},"end":{"line":113,"column":null}},"type":"if","locations":[{"start":{"line":113,"column":8},"end":{"line":113,"column":null}},{"start":{},"end":{}}],"line":113},"24":{"loc":{"start":{"line":117,"column":4},"end":{"line":119,"column":null}},"type":"if","locations":[{"start":{"line":117,"column":4},"end":{"line":119,"column":null}},{"start":{},"end":{}}],"line":117},"25":{"loc":{"start":{"line":117,"column":8},"end":{"line":117,"column":68}},"type":"binary-expr","locations":[{"start":{"line":117,"column":8},"end":{"line":117,"column":15}},{"start":{"line":117,"column":15},"end":{"line":117,"column":37}},{"start":{"line":117,"column":37},"end":{"line":117,"column":68}}],"line":117},"26":{"loc":{"start":{"line":126,"column":17},"end":{"line":126,"column":null}},"type":"cond-expr","locations":[{"start":{"line":126,"column":51},"end":{"line":126,"column":70}},{"start":{"line":126,"column":70},"end":{"line":126,"column":null}}],"line":126},"27":{"loc":{"start":{"line":128,"column":6},"end":{"line":134,"column":null}},"type":"if","locations":[{"start":{"line":128,"column":6},"end":{"line":134,"column":null}},{"start":{},"end":{}}],"line":128},"28":{"loc":{"start":{"line":131,"column":8},"end":{"line":133,"column":null}},"type":"if","locations":[{"start":{"line":131,"column":8},"end":{"line":133,"column":null}},{"start":{},"end":{}}],"line":131},"29":{"loc":{"start":{"line":148,"column":17},"end":{"line":148,"column":35}},"type":"binary-expr","locations":[{"start":{"line":148,"column":17},"end":{"line":148,"column":30}},{"start":{"line":148,"column":30},"end":{"line":148,"column":35}}],"line":148},"30":{"loc":{"start":{"line":155,"column":4},"end":{"line":155,"column":null}},"type":"if","locations":[{"start":{"line":155,"column":4},"end":{"line":155,"column":null}},{"start":{},"end":{}}],"line":155},"31":{"loc":{"start":{"line":170,"column":23},"end":{"line":170,"column":46}},"type":"cond-expr","locations":[{"start":{"line":170,"column":29},"end":{"line":170,"column":37}},{"start":{"line":170,"column":37},"end":{"line":170,"column":46}}],"line":170},"32":{"loc":{"start":{"line":173,"column":2},"end":{"line":177,"column":null}},"type":"if","locations":[{"start":{"line":173,"column":2},"end":{"line":177,"column":null}},{"start":{"line":175,"column":9},"end":{"line":177,"column":null}}],"line":173},"33":{"loc":{"start":{"line":180,"column":15},"end":{"line":180,"column":null}},"type":"binary-expr","locations":[{"start":{"line":180,"column":15},"end":{"line":180,"column":35}},{"start":{"line":180,"column":35},"end":{"line":180,"column":89}},{"start":{"line":180,"column":89},"end":{"line":180,"column":null}}],"line":180},"34":{"loc":{"start":{"line":182,"column":0},"end":{"line":187,"column":null}},"type":"if","locations":[{"start":{"line":182,"column":0},"end":{"line":187,"column":null}},{"start":{},"end":{}}],"line":182}},"s":{"0":1,"1":1,"2":1,"3":2,"4":2,"5":2,"6":1,"7":1,"8":1,"9":1,"10":1,"11":0,"12":1,"13":1,"14":1,"15":1,"16":1,"17":1,"18":1,"19":0,"20":0,"21":1,"22":1,"23":1,"24":1,"25":1,"26":1,"27":1,"28":0,"29":1,"30":0,"31":1,"32":1,"33":1,"34":1,"35":1,"36":0,"37":1,"38":0,"39":2,"40":2,"41":2,"42":2,"43":2,"44":2,"45":1,"46":1,"47":1,"48":1,"49":2,"50":0,"51":0,"52":0,"53":0,"54":0,"55":0,"56":0,"57":0,"58":0,"59":0,"60":0,"61":1,"62":0,"63":0,"64":0,"65":0,"66":0,"67":0,"68":0,"69":0,"70":0,"71":1,"72":1,"73":0,"74":0,"75":0},"f":{"0":2,"1":1,"2":1,"3":1,"4":0,"5":0,"6":0,"7":0,"8":0},"b":{"0":[1,1],"1":[1,1],"2":[1,1],"3":[1,1],"4":[1,1],"5":[1,1],"6":[2],"7":[2],"8":[1,0],"9":[0,1],"10":[0,1],"11":[1,0],"12":[1,1,1,0,0],"13":[0,1],"14":[0,1],"15":[1,0],"16":[1,0],"17":[1,0,0],"18":[1,0],"19":[1,1],"20":[1,0],"21":[1,1,1],"22":[1,0],"23":[0,1],"24":[0,1],"25":[1,0,0],"26":[2,0],"27":[1,1],"28":[1,0],"29":[0,0],"30":[0,0],"31":[0,0],"32":[0,0],"33":[1,1,1],"34":[0,1]},"meta":{"lastBranch":35,"lastFunction":9,"lastStatement":76,"seen":{"s:5:23:12:Infinity":0,"b:6:10:6:42:6:42:6:Infinity":0,"b:7:14:7:50:7:50:7:Infinity":1,"b:8:13:8:48:8:48:8:Infinity":2,"b:9:17:9:56:9:56:9:Infinity":3,"b:10:21:10:65:10:65:10:Infinity":4,"b:11:9:11:40:11:40:11:Infinity":5,"s:14:6:14:Infinity":1,"s:15:6:15:Infinity":2,"f:61:15:61:25":0,"b:61:62:61:84":6,"b:61:33:61:39":7,"s:62:22:62:Infinity":3,"s:63:26:63:Infinity":4,"s:65:2:120:Infinity":5,"s:66:18:66:Infinity":6,"s:67:20:67:Infinity":7,"s:68:19:68:Infinity":8,"s:69:16:69:Infinity":9,"b:69:16:69:36:69:36:69:Infinity":8,"b:71:4:71:Infinity:undefined:undefined:undefined:undefined":9,"s:71:4:71:Infinity":10,"s:71:37:71:Infinity":11,"s:73:27:73:Infinity":12,"f:73:62:73:63":1,"s:73:80:73:91":13,"s:74:10:74:Infinity":14,"s:76:4:115:Infinity":15,"s:77:12:77:Infinity":16,"s:78:22:78:Infinity":17,"b:79:6:82:Infinity:undefined:undefined:undefined:undefined":10,"s:79:6:82:Infinity":18,"s:80:8:80:Infinity":19,"s:81:8:81:Infinity":20,"s:84:18:84:Infinity":21,"s:85:19:85:Infinity":22,"b:85:53:85:72:85:72:85:Infinity":11,"s:86:20:86:Infinity":23,"s:88:22:109:Infinity":24,"f:88:31:88:32":2,"s:90:21:94:Infinity":25,"f:90:39:90:40":3,"s:91:10:93:Infinity":26,"b:91:10:91:Infinity:92:11:92:32:92:32:92:Infinity:93:12:93:31:93:31:93:Infinity":12,"b:95:8:95:Infinity:undefined:undefined:undefined:undefined":13,"s:95:8:95:Infinity":27,"s:95:19:95:Infinity":28,"b:98:8:98:Infinity:undefined:undefined:undefined:undefined":14,"s:98:8:98:Infinity":29,"b:98:12:98:37:98:37:98:69":15,"s:98:69:98:Infinity":30,"s:100:8:100:Infinity":31,"s:101:8:108:Infinity":32,"b:104:32:104:43:104:43:104:Infinity":16,"b:105:20:105:27:105:27:105:41:105:41:105:Infinity":17,"b:106:28:106:61:106:61:106:Infinity":18,"b:106:28:106:47:106:47:106:61":19,"b:107:28:107:71:107:71:107:Infinity":20,"b:107:28:107:44:107:44:107:63:107:63:107:71":21,"b:111:6:114:Infinity:undefined:undefined:undefined:undefined":22,"s:111:6:114:Infinity":33,"s:112:8:112:Infinity":34,"b:113:8:113:Infinity:undefined:undefined:undefined:undefined":23,"s:113:8:113:Infinity":35,"s:113:17:113:Infinity":36,"b:117:4:119:Infinity:undefined:undefined:undefined:undefined":24,"s:117:4:119:Infinity":37,"b:117:8:117:15:117:15:117:37:117:37:117:68":25,"s:118:6:118:Infinity":38,"s:123:23:123:Infinity":39,"s:124:2:136:Infinity":40,"s:125:16:125:Infinity":41,"s:126:17:126:Infinity":42,"b:126:51:126:70:126:70:126:Infinity":26,"s:127:4:135:Infinity":43,"b:128:6:134:Infinity:undefined:undefined:undefined:undefined":27,"s:128:6:134:Infinity":44,"s:129:14:129:Infinity":45,"s:130:26:130:Infinity":46,"b:131:8:133:Infinity:undefined:undefined:undefined:undefined":28,"s:131:8:133:Infinity":47,"s:132:10:132:Infinity":48,"s:138:2:138:Infinity":49,"f:144:9:144:16":4,"s:145:2:145:Infinity":50,"s:146:2:146:Infinity":51,"s:147:17:150:Infinity":52,"f:147:31:147:32":5,"s:148:4:148:Infinity":53,"b:148:17:148:30:148:30:148:35":29,"s:149:4:149:Infinity":54,"s:151:2:151:Infinity":55,"s:152:2:152:Infinity":56,"s:153:2:156:Infinity":57,"f:153:30:153:31":6,"s:154:4:154:Infinity":58,"b:155:4:155:Infinity:undefined:undefined:undefined:undefined":30,"s:155:4:155:Infinity":59,"s:155:19:155:Infinity":60,"s:159:30:159:Infinity":61,"f:166:15:166:22":7,"s:167:15:167:Infinity":62,"s:168:14:168:Infinity":63,"s:169:2:169:Infinity":64,"s:170:2:170:Infinity":65,"b:170:29:170:37:170:37:170:46":31,"s:171:17:171:Infinity":66,"s:172:2:172:Infinity":67,"b:173:2:177:Infinity:175:9:177:Infinity":32,"s:173:2:177:Infinity":68,"s:174:4:174:Infinity":69,"s:176:4:176:Infinity":70,"s:180:15:180:Infinity":71,"b:180:15:180:35:180:35:180:89:180:89:180:Infinity":33,"b:182:0:187:Infinity:undefined:undefined:undefined:undefined":34,"s:182:0:187:Infinity":72,"s:183:2:186:Infinity":73,"f:183:15:183:16":8,"s:184:4:184:Infinity":74,"s:185:4:185:Infinity":75}}}
,"/Volumes/wupm/EXPERIMENTOS WEB/APP_INMOBILIARIA_V9/project/src/constants/banks.ts": {"path":"/Volumes/wupm/EXPERIMENTOS WEB/APP_INMOBILIARIA_V9/project/src/constants/banks.ts","statementMap":{"0":{"start":{"line":6,"column":31},"end":{"line":42,"column":null}},"1":{"start":{"line":50,"column":56},"end":{"line":132,"column":null}},"2":{"start":{"line":140,"column":2},"end":{"line":140,"column":null}},"3":{"start":{"line":140,"column":14},"end":{"line":140,"column":null}},"4":{"start":{"line":142,"column":21},"end":{"line":142,"column":null}},"5":{"start":{"line":145,"column":2},"end":{"line":147,"column":null}},"6":{"start":{"line":146,"column":4},"end":{"line":146,"column":null}},"7":{"start":{"line":150,"column":2},"end":{"line":152,"column":null}},"8":{"start":{"line":151,"column":4},"end":{"line":151,"column":null}},"9":{"start":{"line":155,"column":2},"end":{"line":159,"column":null}},"10":{"start":{"line":156,"column":4},"end":{"line":158,"column":null}},"11":{"start":{"line":157,"column":6},"end":{"line":157,"column":null}},"12":{"start":{"line":162,"column":2},"end":{"line":162,"column":null}},"13":{"start":{"line":163,"column":2},"end":{"line":163,"column":null}},"14":{"start":{"line":170,"column":53},"end":{"line":181,"column":null}},"15":{"start":{"line":183,"column":2},"end":{"line":183,"column":null}}},"fnMap":{"0":{"name":"normalizeBancoName","decl":{"start":{"line":139,"column":16},"end":{"line":139,"column":35}},"loc":{"start":{"line":139,"column":61},"end":{"line":164,"column":null}},"line":139},"1":{"name":"getBancoColor","decl":{"start":{"line":169,"column":16},"end":{"line":169,"column":30}},"loc":{"start":{"line":169,"column":56},"end":{"line":184,"column":null}},"line":169}},"branchMap":{"0":{"loc":{"start":{"line":140,"column":2},"end":{"line":140,"column":null}},"type":"if","locations":[{"start":{"line":140,"column":2},"end":{"line":140,"column":null}},{"start":{},"end":{}}],"line":140},"1":{"loc":{"start":{"line":145,"column":2},"end":{"line":147,"column":null}},"type":"if","locations":[{"start":{"line":145,"column":2},"end":{"line":147,"column":null}},{"start":{},"end":{}}],"line":145},"2":{"loc":{"start":{"line":150,"column":2},"end":{"line":152,"column":null}},"type":"if","locations":[{"start":{"line":150,"column":2},"end":{"line":152,"column":null}},{"start":{},"end":{}}],"line":150},"3":{"loc":{"start":{"line":156,"column":4},"end":{"line":158,"column":null}},"type":"if","locations":[{"start":{"line":156,"column":4},"end":{"line":158,"column":null}},{"start":{},"end":{}}],"line":156},"4":{"loc":{"start":{"line":183,"column":9},"end":{"line":183,"column":null}},"type":"binary-expr","locations":[{"start":{"line":183,"column":9},"end":{"line":183,"column":26}},{"start":{"line":183,"column":26},"end":{"line":183,"column":null}}],"line":183}},"s":{"0":4,"1":4,"2":3,"3":0,"4":3,"5":3,"6":2,"7":1,"8":0,"9":1,"10":16,"11":1,"12":0,"13":0,"14":0,"15":0},"f":{"0":3,"1":0},"b":{"0":[0,3],"1":[2,1],"2":[0,1],"3":[1,15],"4":[0,0]},"meta":{"lastBranch":5,"lastFunction":2,"lastStatement":16,"seen":{"s:6:31:42:Infinity":0,"s:50:56:132:Infinity":1,"f:139:16:139:35":0,"b:140:2:140:Infinity:undefined:undefined:undefined:undefined":0,"s:140:2:140:Infinity":2,"s:140:14:140:Infinity":3,"s:142:21:142:Infinity":4,"b:145:2:147:Infinity:undefined:undefined:undefined:undefined":1,"s:145:2:147:Infinity":5,"s:146:4:146:Infinity":6,"b:150:2:152:Infinity:undefined:undefined:undefined:undefined":2,"s:150:2:152:Infinity":7,"s:151:4:151:Infinity":8,"s:155:2:159:Infinity":9,"b:156:4:158:Infinity:undefined:undefined:undefined:undefined":3,"s:156:4:158:Infinity":10,"s:157:6:157:Infinity":11,"s:162:2:162:Infinity":12,"s:163:2:163:Infinity":13,"f:169:16:169:30":1,"s:170:53:181:Infinity":14,"s:183:2:183:Infinity":15,"b:183:9:183:26:183:26:183:Infinity":4}}}
,"/Volumes/wupm/EXPERIMENTOS WEB/APP_INMOBILIARIA_V9/project/src/utils/balanceImportUtils.ts": {"path":"/Volumes/wupm/EXPERIMENTOS WEB/APP_INMOBILIARIA_V9/project/src/utils/balanceImportUtils.ts","statementMap":{"0":{"start":{"line":18,"column":2},"end":{"line":53,"column":null}},"1":{"start":{"line":19,"column":24},"end":{"line":19,"column":null}},"2":{"start":{"line":20,"column":19},"end":{"line":20,"column":null}},"3":{"start":{"line":21,"column":21},"end":{"line":21,"column":null}},"4":{"start":{"line":23,"column":4},"end":{"line":31,"column":null}},"5":{"start":{"line":24,"column":6},"end":{"line":30,"column":null}},"6":{"start":{"line":33,"column":10},"end":{"line":33,"column":null}},"7":{"start":{"line":34,"column":10},"end":{"line":34,"column":null}},"8":{"start":{"line":37,"column":23},"end":{"line":37,"column":null}},"9":{"start":{"line":39,"column":4},"end":{"line":44,"column":null}},"10":{"start":{"line":46,"column":4},"end":{"line":52,"column":null}}},"fnMap":{"0":{"name":"processBalanceRowFromCSV","decl":{"start":{"line":17,"column":16},"end":{"line":17,"column":41}},"loc":{"start":{"line":17,"column":77},"end":{"line":54,"column":null}},"line":17}},"branchMap":{"0":{"loc":{"start":{"line":23,"column":4},"end":{"line":31,"column":null}},"type":"if","locations":[{"start":{"line":23,"column":4},"end":{"line":31,"column":null}},{"start":{},"end":{}}],"line":23},"1":{"loc":{"start":{"line":23,"column":8},"end":{"line":23,"column":33}},"type":"binary-expr","locations":[{"start":{"line":23,"column":8},"end":{"line":23,"column":24}},{"start":{"line":23,"column":24},"end":{"line":23,"column":33}}],"line":23},"2":{"loc":{"start":{"line":25,"column":21},"end":{"line":25,"column":null}},"type":"binary-expr","locations":[{"start":{"line":25,"column":21},"end":{"line":25,"column":36}},{"start":{"line":25,"column":36},"end":{"line":25,"column":null}}],"line":25},"3":{"loc":{"start":{"line":47,"column":19},"end":{"line":47,"column":null}},"type":"binary-expr","locations":[{"start":{"line":47,"column":19},"end":{"line":47,"column":29}},{"start":{"line":47,"column":29},"end":{"line":47,"column":null}}],"line":47}},"s":{"0":267,"1":267,"2":267,"3":267,"4":267,"5":2,"6":265,"7":265,"8":265,"9":265,"10":0},"f":{"0":267},"b":{"0":[2,265],"1":[267,266],"2":[2,1],"3":[0,0]},"meta":{"lastBranch":4,"lastFunction":1,"lastStatement":11,"seen":{"f:17:16:17:41":0,"s:18:2:53:Infinity":0,"s:19:24:19:Infinity":1,"s:20:19:20:Infinity":2,"s:21:21:21:Infinity":3,"b:23:4:31:Infinity:undefined:undefined:undefined:undefined":0,"s:23:4:31:Infinity":4,"b:23:8:23:24:23:24:23:33":1,"s:24:6:30:Infinity":5,"b:25:21:25:36:25:36:25:Infinity":2,"s:33:10:33:Infinity":6,"s:34:10:34:Infinity":7,"s:37:23:37:Infinity":8,"s:39:4:44:Infinity":9,"s:46:4:52:Infinity":10,"b:47:19:47:29:47:29:47:Infinity":3}}}
,"/Volumes/wupm/EXPERIMENTOS WEB/APP_INMOBILIARIA_V9/project/src/utils/csvUtils.ts": {"path":"/Volumes/wupm/EXPERIMENTOS WEB/APP_INMOBILIARIA_V9/project/src/utils/csvUtils.ts","statementMap":{"0":{"start":{"line":11,"column":16},"end":{"line":11,"column":null}},"1":{"start":{"line":13,"column":23},"end":{"line":13,"column":null}},"2":{"start":{"line":14,"column":19},"end":{"line":14,"column":null}},"3":{"start":{"line":16,"column":2},"end":{"line":20,"column":null}},"4":{"start":{"line":18,"column":4},"end":{"line":18,"column":null}},"5":{"start":{"line":19,"column":4},"end":{"line":19,"column":null}},"6":{"start":{"line":23,"column":2},"end":{"line":23,"column":null}},"7":{"start":{"line":31,"column":2},"end":{"line":34,"column":null}},"8":{"start":{"line":41,"column":2},"end":{"line":50,"column":null}},"9":{"start":{"line":42,"column":24},"end":{"line":42,"column":null}},"10":{"start":{"line":43,"column":23},"end":{"line":43,"column":null}},"11":{"start":{"line":44,"column":22},"end":{"line":44,"column":null}},"12":{"start":{"line":45,"column":20},"end":{"line":45,"column":null}},"13":{"start":{"line":45,"column":39},"end":{"line":45,"column":70}},"14":{"start":{"line":46,"column":4},"end":{"line":46,"column":null}},"15":{"start":{"line":48,"column":4},"end":{"line":48,"column":null}},"16":{"start":{"line":49,"column":4},"end":{"line":49,"column":null}},"17":{"start":{"line":57,"column":2},"end":{"line":67,"column":null}},"18":{"start":{"line":58,"column":20},"end":{"line":58,"column":null}},"19":{"start":{"line":59,"column":17},"end":{"line":59,"column":null}},"20":{"start":{"line":60,"column":23},"end":{"line":60,"column":null}},"21":{"start":{"line":61,"column":22},"end":{"line":61,"column":null}},"22":{"start":{"line":62,"column":20},"end":{"line":62,"column":null}},"23":{"start":{"line":62,"column":39},"end":{"line":62,"column":70}},"24":{"start":{"line":63,"column":4},"end":{"line":63,"column":null}},"25":{"start":{"line":65,"column":4},"end":{"line":65,"column":null}},"26":{"start":{"line":66,"column":4},"end":{"line":66,"column":null}},"27":{"start":{"line":74,"column":16},"end":{"line":90,"column":null}},"28":{"start":{"line":92,"column":2},"end":{"line":92,"column":null}},"29":{"start":{"line":93,"column":15},"end":{"line":93,"column":null}},"30":{"start":{"line":94,"column":15},"end":{"line":94,"column":null}},"31":{"start":{"line":96,"column":2},"end":{"line":107,"column":null}},"32":{"start":{"line":97,"column":19},"end":{"line":97,"column":null}},"33":{"start":{"line":98,"column":20},"end":{"line":98,"column":null}},"34":{"start":{"line":100,"column":4},"end":{"line":106,"column":null}},"35":{"start":{"line":101,"column":6},"end":{"line":101,"column":null}},"36":{"start":{"line":102,"column":6},"end":{"line":102,"column":null}},"37":{"start":{"line":104,"column":6},"end":{"line":104,"column":null}},"38":{"start":{"line":105,"column":6},"end":{"line":105,"column":null}},"39":{"start":{"line":109,"column":2},"end":{"line":109,"column":null}},"40":{"start":{"line":110,"column":2},"end":{"line":110,"column":null}},"41":{"start":{"line":114,"column":16},"end":{"line":125,"column":null}},"42":{"start":{"line":127,"column":2},"end":{"line":127,"column":null}},"43":{"start":{"line":128,"column":15},"end":{"line":128,"column":null}},"44":{"start":{"line":129,"column":15},"end":{"line":129,"column":null}},"45":{"start":{"line":131,"column":2},"end":{"line":142,"column":null}},"46":{"start":{"line":132,"column":19},"end":{"line":132,"column":null}},"47":{"start":{"line":133,"column":20},"end":{"line":133,"column":null}},"48":{"start":{"line":135,"column":4},"end":{"line":141,"column":null}},"49":{"start":{"line":136,"column":6},"end":{"line":136,"column":null}},"50":{"start":{"line":137,"column":6},"end":{"line":137,"column":null}},"51":{"start":{"line":139,"column":6},"end":{"line":139,"column":null}},"52":{"start":{"line":140,"column":6},"end":{"line":140,"column":null}},"53":{"start":{"line":144,"column":2},"end":{"line":144,"column":null}},"54":{"start":{"line":145,"column":2},"end":{"line":145,"column":null}},"55":{"start":{"line":149,"column":2},"end":{"line":149,"column":null}},"56":{"start":{"line":150,"column":2},"end":{"line":150,"column":null}}},"fnMap":{"0":{"name":"detectCSVDelimiter","decl":{"start":{"line":9,"column":16},"end":{"line":9,"column":35}},"loc":{"start":{"line":9,"column":63},"end":{"line":24,"column":null}},"line":9},"1":{"name":"(anonymous_1)","decl":{"start":{"line":16,"column":16},"end":{"line":16,"column":24}},"loc":{"start":{"line":16,"column":24},"end":{"line":20,"column":3}},"line":16},"2":{"name":"normalizeCSVText","decl":{"start":{"line":30,"column":16},"end":{"line":30,"column":33}},"loc":{"start":{"line":30,"column":58},"end":{"line":35,"column":null}},"line":30},"3":{"name":"hashFile","decl":{"start":{"line":40,"column":22},"end":{"line":40,"column":31}},"loc":{"start":{"line":40,"column":60},"end":{"line":51,"column":null}},"line":40},"4":{"name":"(anonymous_4)","decl":{"start":{"line":45,"column":34},"end":{"line":45,"column":39}},"loc":{"start":{"line":45,"column":39},"end":{"line":45,"column":70}},"line":45},"5":{"name":"hashString","decl":{"start":{"line":56,"column":22},"end":{"line":56,"column":33}},"loc":{"start":{"line":56,"column":67},"end":{"line":68,"column":null}},"line":56},"6":{"name":"(anonymous_6)","decl":{"start":{"line":62,"column":34},"end":{"line":62,"column":39}},"loc":{"start":{"line":62,"column":39},"end":{"line":62,"column":70}},"line":62},"7":{"name":"testDetectCSVDelimiter","decl":{"start":{"line":73,"column":16},"end":{"line":73,"column":47}},"loc":{"start":{"line":73,"column":47},"end":{"line":111,"column":null}},"line":73},"8":{"name":"(anonymous_8)","decl":{"start":{"line":96,"column":16},"end":{"line":96,"column":17}},"loc":{"start":{"line":96,"column":47},"end":{"line":107,"column":3}},"line":96},"9":{"name":"testNormalizeCSVText","decl":{"start":{"line":113,"column":16},"end":{"line":113,"column":45}},"loc":{"start":{"line":113,"column":45},"end":{"line":146,"column":null}},"line":113},"10":{"name":"(anonymous_10)","decl":{"start":{"line":131,"column":16},"end":{"line":131,"column":17}},"loc":{"start":{"line":131,"column":47},"end":{"line":142,"column":3}},"line":131},"11":{"name":"runAllCSVTests","decl":{"start":{"line":148,"column":16},"end":{"line":148,"column":39}},"loc":{"start":{"line":148,"column":39},"end":{"line":151,"column":null}},"line":148}},"branchMap":{"0":{"loc":{"start":{"line":18,"column":23},"end":{"line":18,"column":47}},"type":"binary-expr","locations":[{"start":{"line":18,"column":23},"end":{"line":18,"column":43}},{"start":{"line":18,"column":43},"end":{"line":18,"column":47}}],"line":18},"1":{"loc":{"start":{"line":19,"column":19},"end":{"line":19,"column":43}},"type":"binary-expr","locations":[{"start":{"line":19,"column":19},"end":{"line":19,"column":39}},{"start":{"line":19,"column":39},"end":{"line":19,"column":43}}],"line":19},"2":{"loc":{"start":{"line":23,"column":9},"end":{"line":23,"column":null}},"type":"cond-expr","locations":[{"start":{"line":23,"column":39},"end":{"line":23,"column":45}},{"start":{"line":23,"column":45},"end":{"line":23,"column":null}}],"line":23},"3":{"loc":{"start":{"line":100,"column":4},"end":{"line":106,"column":null}},"type":"if","locations":[{"start":{"line":100,"column":4},"end":{"line":106,"column":null}},{"start":{"line":103,"column":11},"end":{"line":106,"column":null}}],"line":100},"4":{"loc":{"start":{"line":135,"column":4},"end":{"line":141,"column":null}},"type":"if","locations":[{"start":{"line":135,"column":4},"end":{"line":141,"column":null}},{"start":{"line":138,"column":11},"end":{"line":141,"column":null}}],"line":135}},"s":{"0":6,"1":6,"2":6,"3":6,"4":24,"5":24,"6":6,"7":0,"8":0,"9":0,"10":0,"11":0,"12":0,"13":0,"14":0,"15":0,"16":0,"17":0,"18":0,"19":0,"20":0,"21":0,"22":0,"23":0,"24":0,"25":0,"26":0,"27":0,"28":0,"29":0,"30":0,"31":0,"32":0,"33":0,"34":0,"35":0,"36":0,"37":0,"38":0,"39":0,"40":0,"41":0,"42":0,"43":0,"44":0,"45":0,"46":0,"47":0,"48":0,"49":0,"50":0,"51":0,"52":0,"53":0,"54":0,"55":0,"56":0},"f":{"0":6,"1":24,"2":0,"3":0,"4":0,"5":0,"6":0,"7":0,"8":0,"9":0,"10":0,"11":0},"b":{"0":[24,2],"1":[24,3],"2":[5,1],"3":[0,0],"4":[0,0]},"meta":{"lastBranch":5,"lastFunction":12,"lastStatement":57,"seen":{"f:9:16:9:35":0,"s:11:16:11:Infinity":0,"s:13:23:13:Infinity":1,"s:14:19:14:Infinity":2,"s:16:2:20:Infinity":3,"f:16:16:16:24":1,"s:18:4:18:Infinity":4,"b:18:23:18:43:18:43:18:47":0,"s:19:4:19:Infinity":5,"b:19:19:19:39:19:39:19:43":1,"s:23:2:23:Infinity":6,"b:23:39:23:45:23:45:23:Infinity":2,"f:30:16:30:33":2,"s:31:2:34:Infinity":7,"f:40:22:40:31":3,"s:41:2:50:Infinity":8,"s:42:24:42:Infinity":9,"s:43:23:43:Infinity":10,"s:44:22:44:Infinity":11,"s:45:20:45:Infinity":12,"f:45:34:45:39":4,"s:45:39:45:70":13,"s:46:4:46:Infinity":14,"s:48:4:48:Infinity":15,"s:49:4:49:Infinity":16,"f:56:22:56:33":5,"s:57:2:67:Infinity":17,"s:58:20:58:Infinity":18,"s:59:17:59:Infinity":19,"s:60:23:60:Infinity":20,"s:61:22:61:Infinity":21,"s:62:20:62:Infinity":22,"f:62:34:62:39":6,"s:62:39:62:70":23,"s:63:4:63:Infinity":24,"s:65:4:65:Infinity":25,"s:66:4:66:Infinity":26,"f:73:16:73:47":7,"s:74:16:90:Infinity":27,"s:92:2:92:Infinity":28,"s:93:15:93:Infinity":29,"s:94:15:94:Infinity":30,"s:96:2:107:Infinity":31,"f:96:16:96:17":8,"s:97:19:97:Infinity":32,"s:98:20:98:Infinity":33,"b:100:4:106:Infinity:103:11:106:Infinity":3,"s:100:4:106:Infinity":34,"s:101:6:101:Infinity":35,"s:102:6:102:Infinity":36,"s:104:6:104:Infinity":37,"s:105:6:105:Infinity":38,"s:109:2:109:Infinity":39,"s:110:2:110:Infinity":40,"f:113:16:113:45":9,"s:114:16:125:Infinity":41,"s:127:2:127:Infinity":42,"s:128:15:128:Infinity":43,"s:129:15:129:Infinity":44,"s:131:2:142:Infinity":45,"f:131:16:131:17":10,"s:132:19:132:Infinity":46,"s:133:20:133:Infinity":47,"b:135:4:141:Infinity:138:11:141:Infinity":4,"s:135:4:141:Infinity":48,"s:136:6:136:Infinity":49,"s:137:6:137:Infinity":50,"s:139:6:139:Infinity":51,"s:140:6:140:Infinity":52,"s:144:2:144:Infinity":53,"s:145:2:145:Infinity":54,"f:148:16:148:39":11,"s:149:2:149:Infinity":55,"s:150:2:150:Infinity":56}}}
,"/Volumes/wupm/EXPERIMENTOS WEB/APP_INMOBILIARIA_V9/project/src/utils/importBalanceHelpers.ts": {"path":"/Volumes/wupm/EXPERIMENTOS WEB/APP_INMOBILIARIA_V9/project/src/utils/importBalanceHelpers.ts","statementMap":{"0":{"start":{"line":7,"column":8},"end":{"line":7,"column":null}},"1":{"start":{"line":8,"column":13},"end":{"line":8,"column":null}},"2":{"start":{"line":9,"column":2},"end":{"line":9,"column":null}},"3":{"start":{"line":16,"column":2},"end":{"line":16,"column":null}},"4":{"start":{"line":16,"column":18},"end":{"line":16,"column":null}},"5":{"start":{"line":17,"column":2},"end":{"line":19,"column":null}},"6":{"start":{"line":18,"column":4},"end":{"line":18,"column":null}},"7":{"start":{"line":21,"column":2},"end":{"line":21,"column":null}}},"fnMap":{"0":{"name":"buildBalanceId","decl":{"start":{"line":6,"column":16},"end":{"line":6,"column":31}},"loc":{"start":{"line":6,"column":81},"end":{"line":10,"column":null}},"line":6},"1":{"name":"getNextIndexOnSkip","decl":{"start":{"line":15,"column":16},"end":{"line":15,"column":35}},"loc":{"start":{"line":15,"column":105},"end":{"line":22,"column":null}},"line":15}},"branchMap":{"0":{"loc":{"start":{"line":16,"column":2},"end":{"line":16,"column":null}},"type":"if","locations":[{"start":{"line":16,"column":2},"end":{"line":16,"column":null}},{"start":{},"end":{}}],"line":16},"1":{"loc":{"start":{"line":17,"column":2},"end":{"line":19,"column":null}},"type":"if","locations":[{"start":{"line":17,"column":2},"end":{"line":19,"column":null}},{"start":{},"end":{}}],"line":17}},"s":{"0":3,"1":3,"2":3,"3":5,"4":1,"5":4,"6":2,"7":2},"f":{"0":3,"1":5},"b":{"0":[1,4],"1":[2,2]},"meta":{"lastBranch":2,"lastFunction":2,"lastStatement":8,"seen":{"f:6:16:6:31":0,"s:7:8:7:Infinity":0,"s:8:13:8:Infinity":1,"s:9:2:9:Infinity":2,"f:15:16:15:35":1,"b:16:2:16:Infinity:undefined:undefined:undefined:undefined":0,"s:16:2:16:Infinity":3,"s:16:18:16:Infinity":4,"b:17:2:19:Infinity:undefined:undefined:undefined:undefined":1,"s:17:2:19:Infinity":5,"s:18:4:18:Infinity":6,"s:21:2:21:Infinity":7}}}
,"/Volumes/wupm/EXPERIMENTOS WEB/APP_INMOBILIARIA_V9/project/src/utils/moneyUtils.ts": {"path":"/Volumes/wupm/EXPERIMENTOS WEB/APP_INMOBILIARIA_V9/project/src/utils/moneyUtils.ts","statementMap":{"0":{"start":{"line":15,"column":2},"end":{"line":15,"column":null}},"1":{"start":{"line":15,"column":14},"end":{"line":15,"column":null}},"2":{"start":{"line":18,"column":19},"end":{"line":18,"column":null}},"3":{"start":{"line":21,"column":21},"end":{"line":21,"column":null}},"4":{"start":{"line":24,"column":2},"end":{"line":27,"column":null}},"5":{"start":{"line":30,"column":2},"end":{"line":30,"column":null}},"6":{"start":{"line":33,"column":2},"end":{"line":33,"column":null}},"7":{"start":{"line":36,"column":17},"end":{"line":36,"column":null}},"8":{"start":{"line":38,"column":2},"end":{"line":41,"column":null}},"9":{"start":{"line":39,"column":4},"end":{"line":39,"column":null}},"10":{"start":{"line":40,"column":4},"end":{"line":40,"column":null}},"11":{"start":{"line":44,"column":18},"end":{"line":44,"column":null}},"12":{"start":{"line":46,"column":2},"end":{"line":46,"column":null}},"13":{"start":{"line":53,"column":21},"end":{"line":53,"column":null}},"14":{"start":{"line":54,"column":20},"end":{"line":54,"column":null}},"15":{"start":{"line":57,"column":20},"end":{"line":60,"column":null}},"16":{"start":{"line":62,"column":2},"end":{"line":62,"column":null}},"17":{"start":{"line":69,"column":16},"end":{"line":80,"column":null}},"18":{"start":{"line":82,"column":2},"end":{"line":82,"column":null}},"19":{"start":{"line":83,"column":15},"end":{"line":83,"column":null}},"20":{"start":{"line":84,"column":15},"end":{"line":84,"column":null}},"21":{"start":{"line":86,"column":2},"end":{"line":97,"column":null}},"22":{"start":{"line":87,"column":19},"end":{"line":87,"column":null}},"23":{"start":{"line":88,"column":20},"end":{"line":88,"column":null}},"24":{"start":{"line":90,"column":4},"end":{"line":96,"column":null}},"25":{"start":{"line":91,"column":6},"end":{"line":91,"column":null}},"26":{"start":{"line":92,"column":6},"end":{"line":92,"column":null}},"27":{"start":{"line":94,"column":6},"end":{"line":94,"column":null}},"28":{"start":{"line":95,"column":6},"end":{"line":95,"column":null}},"29":{"start":{"line":99,"column":2},"end":{"line":99,"column":null}},"30":{"start":{"line":100,"column":2},"end":{"line":100,"column":null}},"31":{"start":{"line":107,"column":16},"end":{"line":112,"column":null}},"32":{"start":{"line":114,"column":2},"end":{"line":114,"column":null}},"33":{"start":{"line":115,"column":15},"end":{"line":115,"column":null}},"34":{"start":{"line":116,"column":15},"end":{"line":116,"column":null}},"35":{"start":{"line":118,"column":2},"end":{"line":129,"column":null}},"36":{"start":{"line":119,"column":19},"end":{"line":119,"column":null}},"37":{"start":{"line":120,"column":20},"end":{"line":120,"column":null}},"38":{"start":{"line":122,"column":4},"end":{"line":128,"column":null}},"39":{"start":{"line":123,"column":6},"end":{"line":123,"column":null}},"40":{"start":{"line":124,"column":6},"end":{"line":124,"column":null}},"41":{"start":{"line":126,"column":6},"end":{"line":126,"column":null}},"42":{"start":{"line":127,"column":6},"end":{"line":127,"column":null}},"43":{"start":{"line":131,"column":2},"end":{"line":131,"column":null}},"44":{"start":{"line":132,"column":2},"end":{"line":132,"column":null}},"45":{"start":{"line":139,"column":2},"end":{"line":139,"column":null}},"46":{"start":{"line":140,"column":2},"end":{"line":140,"column":null}}},"fnMap":{"0":{"name":"parseCOPAmount","decl":{"start":{"line":14,"column":16},"end":{"line":14,"column":31}},"loc":{"start":{"line":14,"column":66},"end":{"line":47,"column":null}},"line":14},"1":{"name":"formatCOPAmount","decl":{"start":{"line":52,"column":16},"end":{"line":52,"column":32}},"loc":{"start":{"line":52,"column":56},"end":{"line":63,"column":null}},"line":52},"2":{"name":"testParseCOPAmount","decl":{"start":{"line":68,"column":16},"end":{"line":68,"column":43}},"loc":{"start":{"line":68,"column":43},"end":{"line":101,"column":null}},"line":68},"3":{"name":"(anonymous_3)","decl":{"start":{"line":86,"column":16},"end":{"line":86,"column":17}},"loc":{"start":{"line":86,"column":47},"end":{"line":97,"column":3}},"line":86},"4":{"name":"testFormatCOPAmount","decl":{"start":{"line":106,"column":16},"end":{"line":106,"column":44}},"loc":{"start":{"line":106,"column":44},"end":{"line":133,"column":null}},"line":106},"5":{"name":"(anonymous_5)","decl":{"start":{"line":118,"column":16},"end":{"line":118,"column":17}},"loc":{"start":{"line":118,"column":47},"end":{"line":129,"column":3}},"line":118},"6":{"name":"runAllMoneyTests","decl":{"start":{"line":138,"column":16},"end":{"line":138,"column":41}},"loc":{"start":{"line":138,"column":41},"end":{"line":141,"column":null}},"line":138}},"branchMap":{"0":{"loc":{"start":{"line":15,"column":2},"end":{"line":15,"column":null}},"type":"if","locations":[{"start":{"line":15,"column":2},"end":{"line":15,"column":null}},{"start":{},"end":{}}],"line":15},"1":{"loc":{"start":{"line":38,"column":2},"end":{"line":41,"column":null}},"type":"if","locations":[{"start":{"line":38,"column":2},"end":{"line":41,"column":null}},{"start":{},"end":{}}],"line":38},"2":{"loc":{"start":{"line":46,"column":9},"end":{"line":46,"column":null}},"type":"cond-expr","locations":[{"start":{"line":46,"column":22},"end":{"line":46,"column":33}},{"start":{"line":46,"column":33},"end":{"line":46,"column":null}}],"line":46},"3":{"loc":{"start":{"line":62,"column":12},"end":{"line":62,"column":33}},"type":"cond-expr","locations":[{"start":{"line":62,"column":25},"end":{"line":62,"column":31}},{"start":{"line":62,"column":31},"end":{"line":62,"column":33}}],"line":62},"4":{"loc":{"start":{"line":90,"column":4},"end":{"line":96,"column":null}},"type":"if","locations":[{"start":{"line":90,"column":4},"end":{"line":96,"column":null}},{"start":{"line":93,"column":11},"end":{"line":96,"column":null}}],"line":90},"5":{"loc":{"start":{"line":122,"column":4},"end":{"line":128,"column":null}},"type":"if","locations":[{"start":{"line":122,"column":4},"end":{"line":128,"column":null}},{"start":{"line":125,"column":11},"end":{"line":128,"column":null}}],"line":122}},"s":{"0":265,"1":0,"2":265,"3":265,"4":265,"5":265,"6":265,"7":265,"8":265,"9":0,"10":0,"11":265,"12":265,"13":0,"14":0,"15":0,"16":0,"17":0,"18":0,"19":0,"20":0,"21":0,"22":0,"23":0,"24":0,"25":0,"26":0,"27":0,"28":0,"29":0,"30":0,"31":0,"32":0,"33":0,"34":0,"35":0,"36":0,"37":0,"38":0,"39":0,"40":0,"41":0,"42":0,"43":0,"44":0,"45":0,"46":0},"f":{"0":265,"1":0,"2":0,"3":0,"4":0,"5":0,"6":0},"b":{"0":[0,265],"1":[0,265],"2":[20,245],"3":[0,0],"4":[0,0],"5":[0,0]},"meta":{"lastBranch":6,"lastFunction":7,"lastStatement":47,"seen":{"f:14:16:14:31":0,"b:15:2:15:Infinity:undefined:undefined:undefined:undefined":0,"s:15:2:15:Infinity":0,"s:15:14:15:Infinity":1,"s:18:19:18:Infinity":2,"s:21:21:21:Infinity":3,"s:24:2:27:Infinity":4,"s:30:2:30:Infinity":5,"s:33:2:33:Infinity":6,"s:36:17:36:Infinity":7,"b:38:2:41:Infinity:undefined:undefined:undefined:undefined":1,"s:38:2:41:Infinity":8,"s:39:4:39:Infinity":9,"s:40:4:40:Infinity":10,"s:44:18:44:Infinity":11,"s:46:2:46:Infinity":12,"b:46:22:46:33:46:33:46:Infinity":2,"f:52:16:52:32":1,"s:53:21:53:Infinity":13,"s:54:20:54:Infinity":14,"s:57:20:60:Infinity":15,"s:62:2:62:Infinity":16,"b:62:25:62:31:62:31:62:33":3,"f:68:16:68:43":2,"s:69:16:80:Infinity":17,"s:82:2:82:Infinity":18,"s:83:15:83:Infinity":19,"s:84:15:84:Infinity":20,"s:86:2:97:Infinity":21,"f:86:16:86:17":3,"s:87:19:87:Infinity":22,"s:88:20:88:Infinity":23,"b:90:4:96:Infinity:93:11:96:Infinity":4,"s:90:4:96:Infinity":24,"s:91:6:91:Infinity":25,"s:92:6:92:Infinity":26,"s:94:6:94:Infinity":27,"s:95:6:95:Infinity":28,"s:99:2:99:Infinity":29,"s:100:2:100:Infinity":30,"f:106:16:106:44":4,"s:107:16:112:Infinity":31,"s:114:2:114:Infinity":32,"s:115:15:115:Infinity":33,"s:116:15:116:Infinity":34,"s:118:2:129:Infinity":35,"f:118:16:118:17":5,"s:119:19:119:Infinity":36,"s:120:20:120:Infinity":37,"b:122:4:128:Infinity:125:11:128:Infinity":5,"s:122:4:128:Infinity":38,"s:123:6:123:Infinity":39,"s:124:6:124:Infinity":40,"s:126:6:126:Infinity":41,"s:127:6:127:Infinity":42,"s:131:2:131:Infinity":43,"s:132:2:132:Infinity":44,"f:138:16:138:41":6,"s:139:2:139:Infinity":45,"s:140:2:140:Infinity":46}}}
,"/Volumes/wupm/EXPERIMENTOS WEB/APP_INMOBILIARIA_V9/project/src/utils/ownerAccountUtils.ts": {"path":"/Volumes/wupm/EXPERIMENTOS WEB/APP_INMOBILIARIA_V9/project/src/utils/ownerAccountUtils.ts","statementMap":{"0":{"start":{"line":15,"column":53},"end":{"line":37,"column":null}},"1":{"start":{"line":43,"column":2},"end":{"line":43,"column":null}},"2":{"start":{"line":43,"column":12},"end":{"line":43,"column":null}},"3":{"start":{"line":45,"column":2},"end":{"line":51,"column":null}},"4":{"start":{"line":59,"column":2},"end":{"line":59,"column":null}},"5":{"start":{"line":59,"column":13},"end":{"line":59,"column":null}},"6":{"start":{"line":61,"column":2},"end":{"line":67,"column":null}},"7":{"start":{"line":75,"column":2},"end":{"line":75,"column":null}},"8":{"start":{"line":75,"column":14},"end":{"line":75,"column":null}},"9":{"start":{"line":78,"column":2},"end":{"line":78,"column":null}},"10":{"start":{"line":85,"column":2},"end":{"line":85,"column":null}},"11":{"start":{"line":85,"column":13},"end":{"line":85,"column":null}},"12":{"start":{"line":87,"column":16},"end":{"line":87,"column":null}},"13":{"start":{"line":88,"column":2},"end":{"line":88,"column":null}},"14":{"start":{"line":95,"column":2},"end":{"line":95,"column":null}},"15":{"start":{"line":95,"column":37},"end":{"line":95,"column":null}},"16":{"start":{"line":96,"column":2},"end":{"line":96,"column":null}},"17":{"start":{"line":106,"column":2},"end":{"line":118,"column":null}},"18":{"start":{"line":107,"column":10},"end":{"line":111,"column":null}},"19":{"start":{"line":113,"column":21},"end":{"line":113,"column":null}},"20":{"start":{"line":114,"column":4},"end":{"line":114,"column":null}},"21":{"start":{"line":116,"column":4},"end":{"line":116,"column":null}},"22":{"start":{"line":117,"column":4},"end":{"line":117,"column":null}},"23":{"start":{"line":133,"column":2},"end":{"line":215,"column":null}},"24":{"start":{"line":134,"column":4},"end":{"line":136,"column":null}},"25":{"start":{"line":135,"column":6},"end":{"line":135,"column":null}},"26":{"start":{"line":138,"column":26},"end":{"line":138,"column":null}},"27":{"start":{"line":140,"column":4},"end":{"line":144,"column":null}},"28":{"start":{"line":147,"column":10},"end":{"line":151,"column":null}},"29":{"start":{"line":153,"column":21},"end":{"line":153,"column":null}},"30":{"start":{"line":155,"column":4},"end":{"line":158,"column":null}},"31":{"start":{"line":157,"column":42},"end":{"line":157,"column":68}},"32":{"start":{"line":161,"column":4},"end":{"line":167,"column":null}},"33":{"start":{"line":162,"column":6},"end":{"line":162,"column":null}},"34":{"start":{"line":163,"column":6},"end":{"line":166,"column":null}},"35":{"start":{"line":170,"column":4},"end":{"line":176,"column":null}},"36":{"start":{"line":171,"column":6},"end":{"line":171,"column":null}},"37":{"start":{"line":172,"column":6},"end":{"line":175,"column":null}},"38":{"start":{"line":179,"column":24},"end":{"line":179,"column":null}},"39":{"start":{"line":180,"column":28},"end":{"line":180,"column":null}},"40":{"start":{"line":181,"column":28},"end":{"line":181,"column":null}},"41":{"start":{"line":182,"column":24},"end":{"line":182,"column":null}},"42":{"start":{"line":184,"column":4},"end":{"line":190,"column":null}},"43":{"start":{"line":193,"column":4},"end":{"line":200,"column":null}},"44":{"start":{"line":194,"column":6},"end":{"line":194,"column":null}},"45":{"start":{"line":195,"column":6},"end":{"line":199,"column":null}},"46":{"start":{"line":203,"column":4},"end":{"line":203,"column":null}},"47":{"start":{"line":204,"column":4},"end":{"line":207,"column":null}},"48":{"start":{"line":210,"column":4},"end":{"line":210,"column":null}},"49":{"start":{"line":211,"column":4},"end":{"line":214,"column":null}},"50":{"start":{"line":222,"column":16},"end":{"line":227,"column":null}},"51":{"start":{"line":229,"column":2},"end":{"line":229,"column":null}},"52":{"start":{"line":230,"column":15},"end":{"line":230,"column":null}},"53":{"start":{"line":231,"column":15},"end":{"line":231,"column":null}},"54":{"start":{"line":233,"column":2},"end":{"line":244,"column":null}},"55":{"start":{"line":234,"column":19},"end":{"line":234,"column":null}},"56":{"start":{"line":235,"column":20},"end":{"line":235,"column":null}},"57":{"start":{"line":237,"column":4},"end":{"line":243,"column":null}},"58":{"start":{"line":238,"column":6},"end":{"line":238,"column":null}},"59":{"start":{"line":239,"column":6},"end":{"line":239,"column":null}},"60":{"start":{"line":241,"column":6},"end":{"line":241,"column":null}},"61":{"start":{"line":242,"column":6},"end":{"line":242,"column":null}},"62":{"start":{"line":246,"column":2},"end":{"line":246,"column":null}},"63":{"start":{"line":247,"column":2},"end":{"line":247,"column":null}},"64":{"start":{"line":251,"column":16},"end":{"line":267,"column":null}},"65":{"start":{"line":269,"column":2},"end":{"line":269,"column":null}},"66":{"start":{"line":270,"column":15},"end":{"line":270,"column":null}},"67":{"start":{"line":271,"column":15},"end":{"line":271,"column":null}},"68":{"start":{"line":273,"column":2},"end":{"line":284,"column":null}},"69":{"start":{"line":274,"column":19},"end":{"line":274,"column":null}},"70":{"start":{"line":275,"column":20},"end":{"line":275,"column":null}},"71":{"start":{"line":277,"column":4},"end":{"line":283,"column":null}},"72":{"start":{"line":278,"column":6},"end":{"line":278,"column":null}},"73":{"start":{"line":279,"column":6},"end":{"line":279,"column":null}},"74":{"start":{"line":281,"column":6},"end":{"line":281,"column":null}},"75":{"start":{"line":282,"column":6},"end":{"line":282,"column":null}},"76":{"start":{"line":286,"column":2},"end":{"line":286,"column":null}},"77":{"start":{"line":287,"column":2},"end":{"line":287,"column":null}},"78":{"start":{"line":291,"column":16},"end":{"line":296,"column":null}},"79":{"start":{"line":298,"column":2},"end":{"line":298,"column":null}},"80":{"start":{"line":299,"column":15},"end":{"line":299,"column":null}},"81":{"start":{"line":300,"column":15},"end":{"line":300,"column":null}},"82":{"start":{"line":302,"column":2},"end":{"line":313,"column":null}},"83":{"start":{"line":303,"column":19},"end":{"line":303,"column":null}},"84":{"start":{"line":304,"column":20},"end":{"line":304,"column":null}},"85":{"start":{"line":306,"column":4},"end":{"line":312,"column":null}},"86":{"start":{"line":307,"column":6},"end":{"line":307,"column":null}},"87":{"start":{"line":308,"column":6},"end":{"line":308,"column":null}},"88":{"start":{"line":310,"column":6},"end":{"line":310,"column":null}},"89":{"start":{"line":311,"column":6},"end":{"line":311,"column":null}},"90":{"start":{"line":315,"column":2},"end":{"line":315,"column":null}},"91":{"start":{"line":316,"column":2},"end":{"line":316,"column":null}},"92":{"start":{"line":320,"column":16},"end":{"line":324,"column":null}},"93":{"start":{"line":326,"column":2},"end":{"line":326,"column":null}},"94":{"start":{"line":327,"column":15},"end":{"line":327,"column":null}},"95":{"start":{"line":328,"column":15},"end":{"line":328,"column":null}},"96":{"start":{"line":330,"column":2},"end":{"line":341,"column":null}},"97":{"start":{"line":331,"column":19},"end":{"line":331,"column":null}},"98":{"start":{"line":332,"column":20},"end":{"line":332,"column":null}},"99":{"start":{"line":334,"column":4},"end":{"line":340,"column":null}},"100":{"start":{"line":335,"column":6},"end":{"line":335,"column":null}},"101":{"start":{"line":336,"column":6},"end":{"line":336,"column":null}},"102":{"start":{"line":338,"column":6},"end":{"line":338,"column":null}},"103":{"start":{"line":339,"column":6},"end":{"line":339,"column":null}},"104":{"start":{"line":343,"column":2},"end":{"line":343,"column":null}},"105":{"start":{"line":344,"column":2},"end":{"line":344,"column":null}},"106":{"start":{"line":348,"column":2},"end":{"line":348,"column":null}},"107":{"start":{"line":349,"column":2},"end":{"line":349,"column":null}},"108":{"start":{"line":350,"column":2},"end":{"line":350,"column":null}},"109":{"start":{"line":351,"column":2},"end":{"line":351,"column":null}}},"fnMap":{"0":{"name":"normalizeDocumento","decl":{"start":{"line":42,"column":16},"end":{"line":42,"column":35}},"loc":{"start":{"line":42,"column":68},"end":{"line":52,"column":null}},"line":42},"1":{"name":"normalizeOwnerName","decl":{"start":{"line":58,"column":16},"end":{"line":58,"column":35}},"loc":{"start":{"line":58,"column":69},"end":{"line":68,"column":null}},"line":58},"2":{"name":"normalizeBanco","decl":{"start":{"line":74,"column":16},"end":{"line":74,"column":31}},"loc":{"start":{"line":74,"column":66},"end":{"line":79,"column":null}},"line":74},"3":{"name":"normalizeTipoCuenta","decl":{"start":{"line":84,"column":16},"end":{"line":84,"column":36}},"loc":{"start":{"line":84,"column":87},"end":{"line":89,"column":null}},"line":84},"4":{"name":"maskAccountNumber","decl":{"start":{"line":94,"column":16},"end":{"line":94,"column":34}},"loc":{"start":{"line":94,"column":58},"end":{"line":97,"column":null}},"line":94},"5":{"name":"checkDuplicateAccount","decl":{"start":{"line":102,"column":22},"end":{"line":102,"column":null}},"loc":{"start":{"line":105,"column":20},"end":{"line":119,"column":null}},"line":105},"6":{"name":"autoAssociateResponsible","decl":{"start":{"line":125,"column":22},"end":{"line":125,"column":null}},"loc":{"start":{"line":132,"column":3},"end":{"line":216,"column":null}},"line":132},"7":{"name":"(anonymous_7)","decl":{"start":{"line":157,"column":36},"end":{"line":157,"column":42}},"loc":{"start":{"line":157,"column":42},"end":{"line":157,"column":68}},"line":157},"8":{"name":"testNormalizeDocumento","decl":{"start":{"line":221,"column":16},"end":{"line":221,"column":47}},"loc":{"start":{"line":221,"column":47},"end":{"line":248,"column":null}},"line":221},"9":{"name":"(anonymous_9)","decl":{"start":{"line":233,"column":16},"end":{"line":233,"column":17}},"loc":{"start":{"line":233,"column":47},"end":{"line":244,"column":3}},"line":233},"10":{"name":"testNormalizeOwnerName","decl":{"start":{"line":250,"column":16},"end":{"line":250,"column":47}},"loc":{"start":{"line":250,"column":47},"end":{"line":288,"column":null}},"line":250},"11":{"name":"(anonymous_11)","decl":{"start":{"line":273,"column":16},"end":{"line":273,"column":17}},"loc":{"start":{"line":273,"column":47},"end":{"line":284,"column":3}},"line":273},"12":{"name":"testNormalizeBanco","decl":{"start":{"line":290,"column":16},"end":{"line":290,"column":43}},"loc":{"start":{"line":290,"column":43},"end":{"line":317,"column":null}},"line":290},"13":{"name":"(anonymous_13)","decl":{"start":{"line":302,"column":16},"end":{"line":302,"column":17}},"loc":{"start":{"line":302,"column":47},"end":{"line":313,"column":3}},"line":302},"14":{"name":"testMaskAccountNumber","decl":{"start":{"line":319,"column":16},"end":{"line":319,"column":46}},"loc":{"start":{"line":319,"column":46},"end":{"line":345,"column":null}},"line":319},"15":{"name":"(anonymous_15)","decl":{"start":{"line":330,"column":16},"end":{"line":330,"column":17}},"loc":{"start":{"line":330,"column":47},"end":{"line":341,"column":3}},"line":330},"16":{"name":"runAllOwnerAccountTests","decl":{"start":{"line":347,"column":16},"end":{"line":347,"column":48}},"loc":{"start":{"line":347,"column":48},"end":{"line":352,"column":null}},"line":347}},"branchMap":{"0":{"loc":{"start":{"line":43,"column":2},"end":{"line":43,"column":null}},"type":"if","locations":[{"start":{"line":43,"column":2},"end":{"line":43,"column":null}},{"start":{},"end":{}}],"line":43},"1":{"loc":{"start":{"line":59,"column":2},"end":{"line":59,"column":null}},"type":"if","locations":[{"start":{"line":59,"column":2},"end":{"line":59,"column":null}},{"start":{},"end":{}}],"line":59},"2":{"loc":{"start":{"line":75,"column":2},"end":{"line":75,"column":null}},"type":"if","locations":[{"start":{"line":75,"column":2},"end":{"line":75,"column":null}},{"start":{},"end":{}}],"line":75},"3":{"loc":{"start":{"line":85,"column":2},"end":{"line":85,"column":null}},"type":"if","locations":[{"start":{"line":85,"column":2},"end":{"line":85,"column":null}},{"start":{},"end":{}}],"line":85},"4":{"loc":{"start":{"line":88,"column":9},"end":{"line":88,"column":null}},"type":"cond-expr","locations":[{"start":{"line":88,"column":35},"end":{"line":88,"column":47}},{"start":{"line":88,"column":47},"end":{"line":88,"column":null}}],"line":88},"5":{"loc":{"start":{"line":95,"column":2},"end":{"line":95,"column":null}},"type":"if","locations":[{"start":{"line":95,"column":2},"end":{"line":95,"column":null}},{"start":{},"end":{}}],"line":95},"6":{"loc":{"start":{"line":95,"column":6},"end":{"line":95,"column":37}},"type":"binary-expr","locations":[{"start":{"line":95,"column":6},"end":{"line":95,"column":17}},{"start":{"line":95,"column":17},"end":{"line":95,"column":37}}],"line":95},"7":{"loc":{"start":{"line":134,"column":4},"end":{"line":136,"column":null}},"type":"if","locations":[{"start":{"line":134,"column":4},"end":{"line":136,"column":null}},{"start":{},"end":{}}],"line":134},"8":{"loc":{"start":{"line":161,"column":4},"end":{"line":167,"column":null}},"type":"if","locations":[{"start":{"line":161,"column":4},"end":{"line":167,"column":null}},{"start":{},"end":{}}],"line":161},"9":{"loc":{"start":{"line":170,"column":4},"end":{"line":176,"column":null}},"type":"if","locations":[{"start":{"line":170,"column":4},"end":{"line":176,"column":null}},{"start":{},"end":{}}],"line":170},"10":{"loc":{"start":{"line":193,"column":4},"end":{"line":200,"column":null}},"type":"if","locations":[{"start":{"line":193,"column":4},"end":{"line":200,"column":null}},{"start":{},"end":{}}],"line":193},"11":{"loc":{"start":{"line":213,"column":24},"end":{"line":213,"column":74}},"type":"cond-expr","locations":[{"start":{"line":213,"column":49},"end":{"line":213,"column":65}},{"start":{"line":213,"column":65},"end":{"line":213,"column":74}}],"line":213},"12":{"loc":{"start":{"line":237,"column":4},"end":{"line":243,"column":null}},"type":"if","locations":[{"start":{"line":237,"column":4},"end":{"line":243,"column":null}},{"start":{"line":240,"column":11},"end":{"line":243,"column":null}}],"line":237},"13":{"loc":{"start":{"line":277,"column":4},"end":{"line":283,"column":null}},"type":"if","locations":[{"start":{"line":277,"column":4},"end":{"line":283,"column":null}},{"start":{"line":280,"column":11},"end":{"line":283,"column":null}}],"line":277},"14":{"loc":{"start":{"line":306,"column":4},"end":{"line":312,"column":null}},"type":"if","locations":[{"start":{"line":306,"column":4},"end":{"line":312,"column":null}},{"start":{"line":309,"column":11},"end":{"line":312,"column":null}}],"line":306},"15":{"loc":{"start":{"line":334,"column":4},"end":{"line":340,"column":null}},"type":"if","locations":[{"start":{"line":334,"column":4},"end":{"line":340,"column":null}},{"start":{"line":337,"column":11},"end":{"line":340,"column":null}}],"line":334}},"s":{"0":4,"1":365,"2":1,"3":364,"4":0,"5":0,"6":0,"7":96,"8":93,"9":3,"10":96,"11":93,"12":3,"13":3,"14":0,"15":0,"16":0,"17":0,"18":0,"19":0,"20":0,"21":0,"22":0,"23":1,"24":1,"25":1,"26":0,"27":0,"28":0,"29":0,"30":0,"31":0,"32":0,"33":0,"34":0,"35":0,"36":0,"37":0,"38":0,"39":0,"40":0,"41":0,"42":0,"43":0,"44":0,"45":0,"46":0,"47":0,"48":0,"49":0,"50":0,"51":0,"52":0,"53":0,"54":0,"55":0,"56":0,"57":0,"58":0,"59":0,"60":0,"61":0,"62":0,"63":0,"64":0,"65":0,"66":0,"67":0,"68":0,"69":0,"70":0,"71":0,"72":0,"73":0,"74":0,"75":0,"76":0,"77":0,"78":0,"79":0,"80":0,"81":0,"82":0,"83":0,"84":0,"85":0,"86":0,"87":0,"88":0,"89":0,"90":0,"91":0,"92":0,"93":0,"94":0,"95":0,"96":0,"97":0,"98":0,"99":0,"100":0,"101":0,"102":0,"103":0,"104":0,"105":0,"106":0,"107":0,"108":0,"109":0},"f":{"0":365,"1":0,"2":96,"3":96,"4":0,"5":0,"6":1,"7":0,"8":0,"9":0,"10":0,"11":0,"12":0,"13":0,"14":0,"15":0,"16":0},"b":{"0":[1,364],"1":[0,0],"2":[93,3],"3":[93,3],"4":[2,1],"5":[0,0],"6":[0,0],"7":[1,0],"8":[0,0],"9":[0,0],"10":[0,0],"11":[0,0],"12":[0,0],"13":[0,0],"14":[0,0],"15":[0,0]},"meta":{"lastBranch":16,"lastFunction":17,"lastStatement":110,"seen":{"s:15:53:37:Infinity":0,"f:42:16:42:35":0,"b:43:2:43:Infinity:undefined:undefined:undefined:undefined":0,"s:43:2:43:Infinity":1,"s:43:12:43:Infinity":2,"s:45:2:51:Infinity":3,"f:58:16:58:35":1,"b:59:2:59:Infinity:undefined:undefined:undefined:undefined":1,"s:59:2:59:Infinity":4,"s:59:13:59:Infinity":5,"s:61:2:67:Infinity":6,"f:74:16:74:31":2,"b:75:2:75:Infinity:undefined:undefined:undefined:undefined":2,"s:75:2:75:Infinity":7,"s:75:14:75:Infinity":8,"s:78:2:78:Infinity":9,"f:84:16:84:36":3,"b:85:2:85:Infinity:undefined:undefined:undefined:undefined":3,"s:85:2:85:Infinity":10,"s:85:13:85:Infinity":11,"s:87:16:87:Infinity":12,"s:88:2:88:Infinity":13,"b:88:35:88:47:88:47:88:Infinity":4,"f:94:16:94:34":4,"b:95:2:95:Infinity:undefined:undefined:undefined:undefined":5,"s:95:2:95:Infinity":14,"b:95:6:95:17:95:17:95:37":6,"s:95:37:95:Infinity":15,"s:96:2:96:Infinity":16,"f:102:22:102:Infinity":5,"s:106:2:118:Infinity":17,"s:107:10:111:Infinity":18,"s:113:21:113:Infinity":19,"s:114:4:114:Infinity":20,"s:116:4:116:Infinity":21,"s:117:4:117:Infinity":22,"f:125:22:125:Infinity":6,"s:133:2:215:Infinity":23,"b:134:4:136:Infinity:undefined:undefined:undefined:undefined":7,"s:134:4:136:Infinity":24,"s:135:6:135:Infinity":25,"s:138:26:138:Infinity":26,"s:140:4:144:Infinity":27,"s:147:10:151:Infinity":28,"s:153:21:153:Infinity":29,"s:155:4:158:Infinity":30,"f:157:36:157:42":7,"s:157:42:157:68":31,"b:161:4:167:Infinity:undefined:undefined:undefined:undefined":8,"s:161:4:167:Infinity":32,"s:162:6:162:Infinity":33,"s:163:6:166:Infinity":34,"b:170:4:176:Infinity:undefined:undefined:undefined:undefined":9,"s:170:4:176:Infinity":35,"s:171:6:171:Infinity":36,"s:172:6:175:Infinity":37,"s:179:24:179:Infinity":38,"s:180:28:180:Infinity":39,"s:181:28:181:Infinity":40,"s:182:24:182:Infinity":41,"s:184:4:190:Infinity":42,"b:193:4:200:Infinity:undefined:undefined:undefined:undefined":10,"s:193:4:200:Infinity":43,"s:194:6:194:Infinity":44,"s:195:6:199:Infinity":45,"s:203:4:203:Infinity":46,"s:204:4:207:Infinity":47,"s:210:4:210:Infinity":48,"s:211:4:214:Infinity":49,"b:213:49:213:65:213:65:213:74":11,"f:221:16:221:47":8,"s:222:16:227:Infinity":50,"s:229:2:229:Infinity":51,"s:230:15:230:Infinity":52,"s:231:15:231:Infinity":53,"s:233:2:244:Infinity":54,"f:233:16:233:17":9,"s:234:19:234:Infinity":55,"s:235:20:235:Infinity":56,"b:237:4:243:Infinity:240:11:243:Infinity":12,"s:237:4:243:Infinity":57,"s:238:6:238:Infinity":58,"s:239:6:239:Infinity":59,"s:241:6:241:Infinity":60,"s:242:6:242:Infinity":61,"s:246:2:246:Infinity":62,"s:247:2:247:Infinity":63,"f:250:16:250:47":10,"s:251:16:267:Infinity":64,"s:269:2:269:Infinity":65,"s:270:15:270:Infinity":66,"s:271:15:271:Infinity":67,"s:273:2:284:Infinity":68,"f:273:16:273:17":11,"s:274:19:274:Infinity":69,"s:275:20:275:Infinity":70,"b:277:4:283:Infinity:280:11:283:Infinity":13,"s:277:4:283:Infinity":71,"s:278:6:278:Infinity":72,"s:279:6:279:Infinity":73,"s:281:6:281:Infinity":74,"s:282:6:282:Infinity":75,"s:286:2:286:Infinity":76,"s:287:2:287:Infinity":77,"f:290:16:290:43":12,"s:291:16:296:Infinity":78,"s:298:2:298:Infinity":79,"s:299:15:299:Infinity":80,"s:300:15:300:Infinity":81,"s:302:2:313:Infinity":82,"f:302:16:302:17":13,"s:303:19:303:Infinity":83,"s:304:20:304:Infinity":84,"b:306:4:312:Infinity:309:11:312:Infinity":14,"s:306:4:312:Infinity":85,"s:307:6:307:Infinity":86,"s:308:6:308:Infinity":87,"s:310:6:310:Infinity":88,"s:311:6:311:Infinity":89,"s:315:2:315:Infinity":90,"s:316:2:316:Infinity":91,"f:319:16:319:46":14,"s:320:16:324:Infinity":92,"s:326:2:326:Infinity":93,"s:327:15:327:Infinity":94,"s:328:15:328:Infinity":95,"s:330:2:341:Infinity":96,"f:330:16:330:17":15,"s:331:19:331:Infinity":97,"s:332:20:332:Infinity":98,"b:334:4:340:Infinity:337:11:340:Infinity":15,"s:334:4:340:Infinity":99,"s:335:6:335:Infinity":100,"s:336:6:336:Infinity":101,"s:338:6:338:Infinity":102,"s:339:6:339:Infinity":103,"s:343:2:343:Infinity":104,"s:344:2:344:Infinity":105,"f:347:16:347:48":16,"s:348:2:348:Infinity":106,"s:349:2:349:Infinity":107,"s:350:2:350:Infinity":108,"s:351:2:351:Infinity":109}}}
}
